[08-Apr-2020 00:57:25 UTC] PHP Notice:  Undefined index: sessionExpired in /var/www/html/index.php on line 52
[08-Apr-2020 00:59:37 UTC] PHP Notice:  Undefined index: sessionExpired in /var/www/html/index.php on line 52
[08-Apr-2020 01:04:38 UTC] PHP Notice:  Undefined index: sessionExpired in /var/www/html/index.php on line 52
[08-Apr-2020 01:04:45 UTC] PHP Notice:  Undefined index: sessionExpired in /var/www/html/index.php on line 52
[08-Apr-2020 01:08:03 UTC] PHP Notice:  Undefined index: sessionExpired in /var/www/html/index.php on line 52
[08-Apr-2020 01:09:12 UTC] PHP Notice:  Undefined index: sessionExpired in /var/www/html/index.php on line 52
[18-Apr-2020 21:57:28 UTC] PHP Warning:  mysqli::mysqli(): (HY000/2002): No such file or directory in /var/www/html/view/php/selectCT.php on line 9
[18-Apr-2020 21:57:28 UTC] PHP Warning:  mysqli::query(): Couldn't fetch mysqli in /var/www/html/view/php/selectCT.php on line 11
[18-Apr-2020 21:57:28 UTC] PHP Fatal error:  Call to a member function fetch_assoc() on null in /var/www/html/view/php/selectCT.php on line 16
[18-Apr-2020 22:30:07 UTC] PHP Warning:  mysqli::mysqli(): (HY000/2002): No such file or directory in /var/www/html/view/php/selectCT.php on line 9
[18-Apr-2020 22:30:07 UTC] PHP Warning:  mysqli::query(): Couldn't fetch mysqli in /var/www/html/view/php/selectCT.php on line 11
[18-Apr-2020 22:30:07 UTC] PHP Fatal error:  Call to a member function fetch_assoc() on null in /var/www/html/view/php/selectCT.php on line 16
[18-Apr-2020 23:32:32 UTC] PHP Warning:  mysqli::mysqli(): (HY000/2002): No such file or directory in /var/www/html/view/php/selectCT.php on line 9
[18-Apr-2020 23:32:32 UTC] PHP Warning:  mysqli::query(): Couldn't fetch mysqli in /var/www/html/view/php/selectCT.php on line 11
[18-Apr-2020 23:32:32 UTC] PHP Fatal error:  Call to a member function fetch_assoc() on null in /var/www/html/view/php/selectCT.php on line 16
[19-Apr-2020 00:08:21 UTC] PHP Warning:  mysqli::mysqli(): (HY000/2002): No such file or directory in /var/www/html/view/php/selectCT.php on line 9
[19-Apr-2020 00:08:21 UTC] PHP Warning:  mysqli::query(): Couldn't fetch mysqli in /var/www/html/view/php/selectCT.php on line 11
[19-Apr-2020 00:08:21 UTC] PHP Fatal error:  Call to a member function fetch_assoc() on null in /var/www/html/view/php/selectCT.php on line 16
[19-Apr-2020 00:27:41 UTC] PHP Warning:  mysqli::mysqli(): (HY000/2002): No such file or directory in /var/www/html/view/php/selectCT.php on line 9
[19-Apr-2020 00:27:41 UTC] PHP Warning:  mysqli::query(): Couldn't fetch mysqli in /var/www/html/view/php/selectCT.php on line 11
[19-Apr-2020 00:27:41 UTC] PHP Fatal error:  Call to a member function fetch_assoc() on null in /var/www/html/view/php/selectCT.php on line 16
[19-Apr-2020 00:27:43 UTC] PHP Warning:  mysqli::mysqli(): (HY000/2002): No such file or directory in /var/www/html/view/php/selectCT.php on line 9
[19-Apr-2020 00:27:43 UTC] PHP Warning:  mysqli::query(): Couldn't fetch mysqli in /var/www/html/view/php/selectCT.php on line 11
[19-Apr-2020 00:27:43 UTC] PHP Fatal error:  Call to a member function fetch_assoc() on null in /var/www/html/view/php/selectCT.php on line 16
[19-Apr-2020 00:30:04 UTC] PHP Warning:  mysqli::mysqli(): (HY000/2002): No such file or directory in /var/www/html/view/php/selectCT.php on line 9
[19-Apr-2020 00:30:04 UTC] PHP Warning:  mysqli::query(): Couldn't fetch mysqli in /var/www/html/view/php/selectCT.php on line 11
[19-Apr-2020 00:30:04 UTC] PHP Fatal error:  Call to a member function fetch_assoc() on null in /var/www/html/view/php/selectCT.php on line 16
[19-Apr-2020 00:30:06 UTC] PHP Warning:  mysqli::mysqli(): (HY000/2002): No such file or directory in /var/www/html/view/php/selectCT.php on line 9
[19-Apr-2020 00:30:06 UTC] PHP Warning:  mysqli::query(): Couldn't fetch mysqli in /var/www/html/view/php/selectCT.php on line 11
[19-Apr-2020 00:30:06 UTC] PHP Fatal error:  Call to a member function fetch_assoc() on null in /var/www/html/view/php/selectCT.php on line 16
[19-Apr-2020 00:32:57 UTC] PHP Warning:  mysqli::mysqli(): (HY000/2002): No such file or directory in /var/www/html/view/php/selectCT.php on line 9
[19-Apr-2020 00:32:57 UTC] PHP Warning:  mysqli::query(): Couldn't fetch mysqli in /var/www/html/view/php/selectCT.php on line 11
[19-Apr-2020 00:32:57 UTC] PHP Fatal error:  Call to a member function fetch_assoc() on null in /var/www/html/view/php/selectCT.php on line 16
[19-Apr-2020 00:43:01 UTC] PHP Warning:  mysqli::mysqli(): (HY000/2002): No such file or directory in /var/www/html/view/php/selectCT.php on line 9
[19-Apr-2020 00:43:01 UTC] PHP Warning:  mysqli::query(): Couldn't fetch mysqli in /var/www/html/view/php/selectCT.php on line 11
[19-Apr-2020 00:43:01 UTC] PHP Fatal error:  Call to a member function fetch_assoc() on null in /var/www/html/view/php/selectCT.php on line 16
[19-Apr-2020 00:57:55 UTC] PHP Warning:  mysqli::mysqli(): (HY000/2002): No such file or directory in /var/www/html/view/php/selectCT.php on line 9
[19-Apr-2020 00:57:55 UTC] PHP Warning:  mysqli::query(): Couldn't fetch mysqli in /var/www/html/view/php/selectCT.php on line 11
[19-Apr-2020 00:57:55 UTC] PHP Fatal error:  Call to a member function fetch_assoc() on null in /var/www/html/view/php/selectCT.php on line 16
[19-Apr-2020 00:58:03 UTC] PHP Warning:  mysqli::mysqli(): (HY000/2002): No such file or directory in /var/www/html/view/php/selectCT.php on line 9
[19-Apr-2020 00:58:03 UTC] PHP Warning:  mysqli::query(): Couldn't fetch mysqli in /var/www/html/view/php/selectCT.php on line 11
[19-Apr-2020 00:58:03 UTC] PHP Fatal error:  Call to a member function fetch_assoc() on null in /var/www/html/view/php/selectCT.php on line 16
[19-Apr-2020 01:05:54 UTC] PHP Warning:  mysqli::mysqli(): (HY000/2002): No such file or directory in /var/www/html/view/php/selectCT.php on line 9
[19-Apr-2020 01:05:54 UTC] PHP Warning:  mysqli::query(): Couldn't fetch mysqli in /var/www/html/view/php/selectCT.php on line 11
[19-Apr-2020 01:05:54 UTC] PHP Fatal error:  Call to a member function fetch_assoc() on null in /var/www/html/view/php/selectCT.php on line 16
[19-Apr-2020 01:05:54 UTC] PHP Warning:  mysqli::mysqli(): (HY000/2002): No such file or directory in /var/www/html/view/php/selectCT.php on line 9
[19-Apr-2020 01:05:54 UTC] PHP Warning:  mysqli::query(): Couldn't fetch mysqli in /var/www/html/view/php/selectCT.php on line 11
[19-Apr-2020 01:05:54 UTC] PHP Fatal error:  Call to a member function fetch_assoc() on null in /var/www/html/view/php/selectCT.php on line 16
[19-Apr-2020 01:05:55 UTC] PHP Warning:  mysqli::mysqli(): (HY000/2002): No such file or directory in /var/www/html/view/php/selectCT.php on line 9
[19-Apr-2020 01:05:55 UTC] PHP Warning:  mysqli::query(): Couldn't fetch mysqli in /var/www/html/view/php/selectCT.php on line 11
[19-Apr-2020 01:05:55 UTC] PHP Fatal error:  Call to a member function fetch_assoc() on null in /var/www/html/view/php/selectCT.php on line 16
[19-Apr-2020 01:05:55 UTC] PHP Warning:  mysqli::mysqli(): (HY000/2002): No such file or directory in /var/www/html/view/php/selectCT.php on line 9
[19-Apr-2020 01:05:55 UTC] PHP Warning:  mysqli::query(): Couldn't fetch mysqli in /var/www/html/view/php/selectCT.php on line 11
[19-Apr-2020 01:05:55 UTC] PHP Fatal error:  Call to a member function fetch_assoc() on null in /var/www/html/view/php/selectCT.php on line 16
[19-Apr-2020 01:05:55 UTC] PHP Warning:  mysqli::mysqli(): (HY000/2002): No such file or directory in /var/www/html/view/php/selectCT.php on line 9
[19-Apr-2020 01:05:55 UTC] PHP Warning:  mysqli::query(): Couldn't fetch mysqli in /var/www/html/view/php/selectCT.php on line 11
[19-Apr-2020 01:05:55 UTC] PHP Fatal error:  Call to a member function fetch_assoc() on null in /var/www/html/view/php/selectCT.php on line 16
[19-Apr-2020 01:05:55 UTC] PHP Warning:  mysqli::mysqli(): (HY000/2002): No such file or directory in /var/www/html/view/php/selectCT.php on line 9
[19-Apr-2020 01:05:55 UTC] PHP Warning:  mysqli::query(): Couldn't fetch mysqli in /var/www/html/view/php/selectCT.php on line 11
[19-Apr-2020 01:05:55 UTC] PHP Fatal error:  Call to a member function fetch_assoc() on null in /var/www/html/view/php/selectCT.php on line 16
[19-Apr-2020 01:05:56 UTC] PHP Warning:  mysqli::mysqli(): (HY000/2002): No such file or directory in /var/www/html/view/php/selectCT.php on line 9
[19-Apr-2020 01:05:56 UTC] PHP Warning:  mysqli::query(): Couldn't fetch mysqli in /var/www/html/view/php/selectCT.php on line 11
[19-Apr-2020 01:05:56 UTC] PHP Fatal error:  Call to a member function fetch_assoc() on null in /var/www/html/view/php/selectCT.php on line 16
[19-Apr-2020 01:05:56 UTC] PHP Warning:  mysqli::mysqli(): (HY000/2002): No such file or directory in /var/www/html/view/php/selectCT.php on line 9
[19-Apr-2020 01:05:56 UTC] PHP Warning:  mysqli::query(): Couldn't fetch mysqli in /var/www/html/view/php/selectCT.php on line 11
[19-Apr-2020 01:05:56 UTC] PHP Fatal error:  Call to a member function fetch_assoc() on null in /var/www/html/view/php/selectCT.php on line 16
[19-Apr-2020 01:05:56 UTC] PHP Warning:  mysqli::mysqli(): (HY000/2002): No such file or directory in /var/www/html/view/php/selectCT.php on line 9
[19-Apr-2020 01:05:56 UTC] PHP Warning:  mysqli::query(): Couldn't fetch mysqli in /var/www/html/view/php/selectCT.php on line 11
[19-Apr-2020 01:05:56 UTC] PHP Fatal error:  Call to a member function fetch_assoc() on null in /var/www/html/view/php/selectCT.php on line 16
[19-Apr-2020 01:05:57 UTC] PHP Warning:  mysqli::mysqli(): (HY000/2002): No such file or directory in /var/www/html/view/php/selectCT.php on line 9
[19-Apr-2020 01:05:57 UTC] PHP Warning:  mysqli::query(): Couldn't fetch mysqli in /var/www/html/view/php/selectCT.php on line 11
[19-Apr-2020 01:05:57 UTC] PHP Fatal error:  Call to a member function fetch_assoc() on null in /var/www/html/view/php/selectCT.php on line 16
[19-Apr-2020 01:05:57 UTC] PHP Warning:  mysqli::mysqli(): (HY000/2002): No such file or directory in /var/www/html/view/php/selectCT.php on line 9
[19-Apr-2020 01:05:57 UTC] PHP Warning:  mysqli::query(): Couldn't fetch mysqli in /var/www/html/view/php/selectCT.php on line 11
[19-Apr-2020 01:05:57 UTC] PHP Fatal error:  Call to a member function fetch_assoc() on null in /var/www/html/view/php/selectCT.php on line 16
[19-Apr-2020 02:21:53 UTC] PHP Warning:  mysqli::mysqli(): Server sent charset (255) unknown to the client. Please, report to the developers in /var/www/html/view/php/selectCT.php on line 9
[19-Apr-2020 02:21:53 UTC] PHP Warning:  mysqli::mysqli(): (HY000/2054): Server sent charset unknown to the client. Please, report to the developers in /var/www/html/view/php/selectCT.php on line 9
[19-Apr-2020 02:21:53 UTC] PHP Warning:  mysqli::query(): Couldn't fetch mysqli in /var/www/html/view/php/selectCT.php on line 11
[19-Apr-2020 02:21:53 UTC] PHP Fatal error:  Call to a member function fetch_assoc() on null in /var/www/html/view/php/selectCT.php on line 16
[19-Apr-2020 02:22:04 UTC] PHP Warning:  mysqli::mysqli(): Server sent charset (255) unknown to the client. Please, report to the developers in /var/www/html/view/php/selectCT.php on line 9
[19-Apr-2020 02:22:04 UTC] PHP Warning:  mysqli::mysqli(): (HY000/2054): Server sent charset unknown to the client. Please, report to the developers in /var/www/html/view/php/selectCT.php on line 9
[19-Apr-2020 02:22:04 UTC] PHP Warning:  mysqli::query(): Couldn't fetch mysqli in /var/www/html/view/php/selectCT.php on line 11
[19-Apr-2020 02:22:04 UTC] PHP Fatal error:  Call to a member function fetch_assoc() on null in /var/www/html/view/php/selectCT.php on line 16
[19-Apr-2020 02:22:36 UTC] PHP Warning:  mysqli::mysqli(): Server sent charset (255) unknown to the client. Please, report to the developers in /var/www/html/view/php/selectCT.php on line 9
[19-Apr-2020 02:22:36 UTC] PHP Warning:  mysqli::mysqli(): (HY000/2054): Server sent charset unknown to the client. Please, report to the developers in /var/www/html/view/php/selectCT.php on line 9
[19-Apr-2020 02:22:36 UTC] PHP Warning:  mysqli::query(): Couldn't fetch mysqli in /var/www/html/view/php/selectCT.php on line 11
[19-Apr-2020 02:22:36 UTC] PHP Fatal error:  Call to a member function fetch_assoc() on null in /var/www/html/view/php/selectCT.php on line 16
[19-Apr-2020 02:36:38 UTC] PHP Warning:  mysqli::mysqli(): Server sent charset (255) unknown to the client. Please, report to the developers in /var/www/html/view/php/selectCT.php on line 9
[19-Apr-2020 02:36:38 UTC] PHP Warning:  mysqli::mysqli(): (HY000/2054): Server sent charset unknown to the client. Please, report to the developers in /var/www/html/view/php/selectCT.php on line 9
[19-Apr-2020 02:36:38 UTC] PHP Warning:  mysqli::query(): Couldn't fetch mysqli in /var/www/html/view/php/selectCT.php on line 11
[19-Apr-2020 02:36:38 UTC] PHP Fatal error:  Call to a member function fetch_assoc() on null in /var/www/html/view/php/selectCT.php on line 16
[19-Apr-2020 02:49:39 UTC] PHP Warning:  mysqli::mysqli(): Server sent charset (255) unknown to the client. Please, report to the developers in /var/www/html/view/php/selectCT.php on line 9
[19-Apr-2020 02:49:39 UTC] PHP Warning:  mysqli::mysqli(): (HY000/2054): Server sent charset unknown to the client. Please, report to the developers in /var/www/html/view/php/selectCT.php on line 9
[19-Apr-2020 02:49:39 UTC] PHP Warning:  mysqli::query(): Couldn't fetch mysqli in /var/www/html/view/php/selectCT.php on line 11
[19-Apr-2020 02:49:39 UTC] PHP Fatal error:  Call to a member function fetch_assoc() on null in /var/www/html/view/php/selectCT.php on line 16
[19-Apr-2020 02:57:55 UTC] PHP Warning:  mysqli::mysqli(): Server sent charset (255) unknown to the client. Please, report to the developers in /var/www/html/view/php/selectCT.php on line 9
[19-Apr-2020 02:57:55 UTC] PHP Warning:  mysqli::mysqli(): (HY000/2054): Server sent charset unknown to the client. Please, report to the developers in /var/www/html/view/php/selectCT.php on line 9
[19-Apr-2020 02:57:55 UTC] PHP Warning:  mysqli::query(): Couldn't fetch mysqli in /var/www/html/view/php/selectCT.php on line 11
[19-Apr-2020 02:57:55 UTC] PHP Fatal error:  Call to a member function fetch_assoc() on null in /var/www/html/view/php/selectCT.php on line 16
[19-Apr-2020 03:02:15 UTC] PHP Warning:  mysqli::mysqli(): Server sent charset (255) unknown to the client. Please, report to the developers in /var/www/html/view/php/selectCT.php on line 9
[19-Apr-2020 03:02:15 UTC] PHP Warning:  mysqli::mysqli(): (HY000/2054): Server sent charset unknown to the client. Please, report to the developers in /var/www/html/view/php/selectCT.php on line 9
[19-Apr-2020 03:02:15 UTC] PHP Warning:  mysqli::query(): Couldn't fetch mysqli in /var/www/html/view/php/selectCT.php on line 11
[19-Apr-2020 03:02:15 UTC] PHP Fatal error:  Call to a member function fetch_assoc() on null in /var/www/html/view/php/selectCT.php on line 16
[19-Apr-2020 03:02:43 UTC] PHP Warning:  mysqli::mysqli(): Server sent charset (255) unknown to the client. Please, report to the developers in /var/www/html/view/php/selectCT.php on line 9
[19-Apr-2020 03:02:43 UTC] PHP Warning:  mysqli::mysqli(): (HY000/2054): Server sent charset unknown to the client. Please, report to the developers in /var/www/html/view/php/selectCT.php on line 9
[19-Apr-2020 03:02:43 UTC] PHP Warning:  mysqli::query(): Couldn't fetch mysqli in /var/www/html/view/php/selectCT.php on line 11
[19-Apr-2020 03:02:43 UTC] PHP Fatal error:  Call to a member function fetch_assoc() on null in /var/www/html/view/php/selectCT.php on line 16
[19-Apr-2020 03:09:17 UTC] PHP Warning:  mysqli::mysqli(): Server sent charset (255) unknown to the client. Please, report to the developers in /var/www/html/view/php/selectCT.php on line 9
[19-Apr-2020 03:09:17 UTC] PHP Warning:  mysqli::mysqli(): (HY000/2054): Server sent charset unknown to the client. Please, report to the developers in /var/www/html/view/php/selectCT.php on line 9
[19-Apr-2020 03:09:17 UTC] PHP Warning:  mysqli::query(): Couldn't fetch mysqli in /var/www/html/view/php/selectCT.php on line 11
[19-Apr-2020 03:09:17 UTC] PHP Fatal error:  Call to a member function fetch_assoc() on null in /var/www/html/view/php/selectCT.php on line 16
[19-Apr-2020 03:20:29 UTC] PHP Warning:  mysqli::mysqli(): Server sent charset (255) unknown to the client. Please, report to the developers in /var/www/html/view/php/selectCT.php on line 9
[19-Apr-2020 03:20:29 UTC] PHP Warning:  mysqli::mysqli(): (HY000/2054): Server sent charset unknown to the client. Please, report to the developers in /var/www/html/view/php/selectCT.php on line 9
[19-Apr-2020 03:20:29 UTC] PHP Warning:  mysqli::query(): Couldn't fetch mysqli in /var/www/html/view/php/selectCT.php on line 11
[19-Apr-2020 03:20:29 UTC] PHP Fatal error:  Call to a member function fetch_assoc() on null in /var/www/html/view/php/selectCT.php on line 16
[19-Apr-2020 03:31:26 UTC] PHP Warning:  mysqli::mysqli(): Server sent charset (255) unknown to the client. Please, report to the developers in /var/www/html/view/php/selectCT.php on line 9
[19-Apr-2020 03:31:26 UTC] PHP Warning:  mysqli::mysqli(): (HY000/2054): Server sent charset unknown to the client. Please, report to the developers in /var/www/html/view/php/selectCT.php on line 9
[19-Apr-2020 03:31:26 UTC] PHP Warning:  mysqli::query(): Couldn't fetch mysqli in /var/www/html/view/php/selectCT.php on line 11
[19-Apr-2020 03:31:26 UTC] PHP Fatal error:  Call to a member function fetch_assoc() on null in /var/www/html/view/php/selectCT.php on line 16
[19-Apr-2020 03:42:31 UTC] PHP Warning:  mysqli::mysqli(): Server sent charset (255) unknown to the client. Please, report to the developers in /var/www/html/view/php/selectCT.php on line 9
[19-Apr-2020 03:42:31 UTC] PHP Warning:  mysqli::mysqli(): (HY000/2054): Server sent charset unknown to the client. Please, report to the developers in /var/www/html/view/php/selectCT.php on line 9
[19-Apr-2020 03:42:31 UTC] PHP Warning:  mysqli::query(): Couldn't fetch mysqli in /var/www/html/view/php/selectCT.php on line 11
[19-Apr-2020 03:42:31 UTC] PHP Fatal error:  Call to a member function fetch_assoc() on null in /var/www/html/view/php/selectCT.php on line 16
[19-Apr-2020 03:49:38 UTC] PHP Warning:  mysqli::mysqli(): Server sent charset (255) unknown to the client. Please, report to the developers in /var/www/html/view/php/selectCT.php on line 9
[19-Apr-2020 03:49:38 UTC] PHP Warning:  mysqli::mysqli(): (HY000/2054): Server sent charset unknown to the client. Please, report to the developers in /var/www/html/view/php/selectCT.php on line 9
[19-Apr-2020 03:49:38 UTC] PHP Warning:  mysqli::query(): Couldn't fetch mysqli in /var/www/html/view/php/selectCT.php on line 11
[19-Apr-2020 03:49:38 UTC] PHP Fatal error:  Call to a member function fetch_assoc() on null in /var/www/html/view/php/selectCT.php on line 16
[19-Apr-2020 04:08:31 UTC] PHP Warning:  mysqli::mysqli(): Server sent charset (255) unknown to the client. Please, report to the developers in /var/www/html/view/php/selectCT.php on line 9
[19-Apr-2020 04:08:31 UTC] PHP Warning:  mysqli::mysqli(): (HY000/2054): Server sent charset unknown to the client. Please, report to the developers in /var/www/html/view/php/selectCT.php on line 9
[19-Apr-2020 04:08:31 UTC] PHP Warning:  mysqli::query(): Couldn't fetch mysqli in /var/www/html/view/php/selectCT.php on line 11
[19-Apr-2020 04:08:31 UTC] PHP Fatal error:  Call to a member function fetch_assoc() on null in /var/www/html/view/php/selectCT.php on line 16
[19-Apr-2020 04:26:56 UTC] PHP Warning:  mysqli::mysqli(): Server sent charset (255) unknown to the client. Please, report to the developers in /var/www/html/view/php/selectCT.php on line 9
[19-Apr-2020 04:26:56 UTC] PHP Warning:  mysqli::mysqli(): (HY000/2054): Server sent charset unknown to the client. Please, report to the developers in /var/www/html/view/php/selectCT.php on line 9
[19-Apr-2020 04:26:56 UTC] PHP Warning:  mysqli::query(): Couldn't fetch mysqli in /var/www/html/view/php/selectCT.php on line 11
[19-Apr-2020 04:26:56 UTC] PHP Fatal error:  Call to a member function fetch_assoc() on null in /var/www/html/view/php/selectCT.php on line 16
[19-Apr-2020 05:01:29 UTC] PHP Warning:  mysqli::mysqli(): Server sent charset (255) unknown to the client. Please, report to the developers in /var/www/html/view/php/selectCT.php on line 9
[19-Apr-2020 05:01:29 UTC] PHP Warning:  mysqli::mysqli(): (HY000/2054): Server sent charset unknown to the client. Please, report to the developers in /var/www/html/view/php/selectCT.php on line 9
[19-Apr-2020 05:01:29 UTC] PHP Warning:  mysqli::query(): Couldn't fetch mysqli in /var/www/html/view/php/selectCT.php on line 11
[19-Apr-2020 05:01:29 UTC] PHP Fatal error:  Call to a member function fetch_assoc() on null in /var/www/html/view/php/selectCT.php on line 16
[19-Apr-2020 05:06:10 UTC] PHP Warning:  mysqli::mysqli(): Server sent charset (255) unknown to the client. Please, report to the developers in /var/www/html/view/php/selectCT.php on line 9
[19-Apr-2020 05:06:10 UTC] PHP Warning:  mysqli::mysqli(): (HY000/2054): Server sent charset unknown to the client. Please, report to the developers in /var/www/html/view/php/selectCT.php on line 9
[19-Apr-2020 05:06:10 UTC] PHP Warning:  mysqli::query(): Couldn't fetch mysqli in /var/www/html/view/php/selectCT.php on line 11
[19-Apr-2020 05:06:10 UTC] PHP Fatal error:  Call to a member function fetch_assoc() on null in /var/www/html/view/php/selectCT.php on line 16
[19-Apr-2020 05:28:10 UTC] PHP Warning:  mysqli::mysqli(): Server sent charset (255) unknown to the client. Please, report to the developers in /var/www/html/view/php/selectCT.php on line 9
[19-Apr-2020 05:28:10 UTC] PHP Warning:  mysqli::mysqli(): (HY000/2054): Server sent charset unknown to the client. Please, report to the developers in /var/www/html/view/php/selectCT.php on line 9
[19-Apr-2020 05:28:10 UTC] PHP Warning:  mysqli::query(): Couldn't fetch mysqli in /var/www/html/view/php/selectCT.php on line 11
[19-Apr-2020 05:28:10 UTC] PHP Fatal error:  Call to a member function fetch_assoc() on null in /var/www/html/view/php/selectCT.php on line 16
[19-Apr-2020 12:05:49 UTC] PHP Warning:  mysqli::mysqli(): Server sent charset (255) unknown to the client. Please, report to the developers in /var/www/html/view/php/selectCT.php on line 9
[19-Apr-2020 12:05:49 UTC] PHP Warning:  mysqli::mysqli(): (HY000/2054): Server sent charset unknown to the client. Please, report to the developers in /var/www/html/view/php/selectCT.php on line 9
[19-Apr-2020 12:05:49 UTC] PHP Warning:  mysqli::query(): Couldn't fetch mysqli in /var/www/html/view/php/selectCT.php on line 11
[19-Apr-2020 12:05:49 UTC] PHP Fatal error:  Call to a member function fetch_assoc() on null in /var/www/html/view/php/selectCT.php on line 16
[19-Apr-2020 12:25:04 UTC] PHP Warning:  mysqli::mysqli(): Server sent charset (255) unknown to the client. Please, report to the developers in /var/www/html/view/php/selectCT.php on line 9
[19-Apr-2020 12:25:04 UTC] PHP Warning:  mysqli::mysqli(): (HY000/2054): Server sent charset unknown to the client. Please, report to the developers in /var/www/html/view/php/selectCT.php on line 9
[19-Apr-2020 12:25:04 UTC] PHP Warning:  mysqli::query(): Couldn't fetch mysqli in /var/www/html/view/php/selectCT.php on line 11
[19-Apr-2020 12:25:04 UTC] PHP Fatal error:  Call to a member function fetch_assoc() on null in /var/www/html/view/php/selectCT.php on line 16
[19-Apr-2020 12:25:05 UTC] PHP Warning:  mysqli::mysqli(): Server sent charset (255) unknown to the client. Please, report to the developers in /var/www/html/view/php/selectCT.php on line 9
[19-Apr-2020 12:25:05 UTC] PHP Warning:  mysqli::mysqli(): (HY000/2054): Server sent charset unknown to the client. Please, report to the developers in /var/www/html/view/php/selectCT.php on line 9
[19-Apr-2020 12:25:05 UTC] PHP Warning:  mysqli::query(): Couldn't fetch mysqli in /var/www/html/view/php/selectCT.php on line 11
[19-Apr-2020 12:25:05 UTC] PHP Fatal error:  Call to a member function fetch_assoc() on null in /var/www/html/view/php/selectCT.php on line 16
[19-Apr-2020 12:25:05 UTC] PHP Warning:  mysqli::mysqli(): Server sent charset (255) unknown to the client. Please, report to the developers in /var/www/html/view/php/selectCT.php on line 9
[19-Apr-2020 12:25:05 UTC] PHP Warning:  mysqli::mysqli(): (HY000/2054): Server sent charset unknown to the client. Please, report to the developers in /var/www/html/view/php/selectCT.php on line 9
[19-Apr-2020 12:25:05 UTC] PHP Warning:  mysqli::query(): Couldn't fetch mysqli in /var/www/html/view/php/selectCT.php on line 11
[19-Apr-2020 12:25:05 UTC] PHP Fatal error:  Call to a member function fetch_assoc() on null in /var/www/html/view/php/selectCT.php on line 16
[19-Apr-2020 12:25:05 UTC] PHP Warning:  mysqli::mysqli(): Server sent charset (255) unknown to the client. Please, report to the developers in /var/www/html/view/php/selectCT.php on line 9
[19-Apr-2020 12:25:05 UTC] PHP Warning:  mysqli::mysqli(): (HY000/2054): Server sent charset unknown to the client. Please, report to the developers in /var/www/html/view/php/selectCT.php on line 9
[19-Apr-2020 12:25:05 UTC] PHP Warning:  mysqli::query(): Couldn't fetch mysqli in /var/www/html/view/php/selectCT.php on line 11
[19-Apr-2020 12:25:05 UTC] PHP Fatal error:  Call to a member function fetch_assoc() on null in /var/www/html/view/php/selectCT.php on line 16
[19-Apr-2020 12:25:05 UTC] PHP Warning:  mysqli::mysqli(): Server sent charset (255) unknown to the client. Please, report to the developers in /var/www/html/view/php/selectCT.php on line 9
[19-Apr-2020 12:25:05 UTC] PHP Warning:  mysqli::mysqli(): (HY000/2054): Server sent charset unknown to the client. Please, report to the developers in /var/www/html/view/php/selectCT.php on line 9
[19-Apr-2020 12:25:05 UTC] PHP Warning:  mysqli::query(): Couldn't fetch mysqli in /var/www/html/view/php/selectCT.php on line 11
[19-Apr-2020 12:25:05 UTC] PHP Fatal error:  Call to a member function fetch_assoc() on null in /var/www/html/view/php/selectCT.php on line 16
[19-Apr-2020 12:25:05 UTC] PHP Warning:  mysqli::mysqli(): Server sent charset (255) unknown to the client. Please, report to the developers in /var/www/html/view/php/selectCT.php on line 9
[19-Apr-2020 12:25:05 UTC] PHP Warning:  mysqli::mysqli(): (HY000/2054): Server sent charset unknown to the client. Please, report to the developers in /var/www/html/view/php/selectCT.php on line 9
[19-Apr-2020 12:25:05 UTC] PHP Warning:  mysqli::query(): Couldn't fetch mysqli in /var/www/html/view/php/selectCT.php on line 11
[19-Apr-2020 12:25:05 UTC] PHP Fatal error:  Call to a member function fetch_assoc() on null in /var/www/html/view/php/selectCT.php on line 16
[19-Apr-2020 12:25:06 UTC] PHP Warning:  mysqli::mysqli(): Server sent charset (255) unknown to the client. Please, report to the developers in /var/www/html/view/php/selectCT.php on line 9
[19-Apr-2020 12:25:06 UTC] PHP Warning:  mysqli::mysqli(): (HY000/2054): Server sent charset unknown to the client. Please, report to the developers in /var/www/html/view/php/selectCT.php on line 9
[19-Apr-2020 12:25:06 UTC] PHP Warning:  mysqli::query(): Couldn't fetch mysqli in /var/www/html/view/php/selectCT.php on line 11
[19-Apr-2020 12:25:06 UTC] PHP Fatal error:  Call to a member function fetch_assoc() on null in /var/www/html/view/php/selectCT.php on line 16
[19-Apr-2020 12:25:06 UTC] PHP Warning:  mysqli::mysqli(): Server sent charset (255) unknown to the client. Please, report to the developers in /var/www/html/view/php/selectCT.php on line 9
[19-Apr-2020 12:25:06 UTC] PHP Warning:  mysqli::mysqli(): (HY000/2054): Server sent charset unknown to the client. Please, report to the developers in /var/www/html/view/php/selectCT.php on line 9
[19-Apr-2020 12:25:06 UTC] PHP Warning:  mysqli::query(): Couldn't fetch mysqli in /var/www/html/view/php/selectCT.php on line 11
[19-Apr-2020 12:25:06 UTC] PHP Fatal error:  Call to a member function fetch_assoc() on null in /var/www/html/view/php/selectCT.php on line 16
[19-Apr-2020 12:25:07 UTC] PHP Warning:  mysqli::mysqli(): Server sent charset (255) unknown to the client. Please, report to the developers in /var/www/html/view/php/selectCT.php on line 9
[19-Apr-2020 12:25:07 UTC] PHP Warning:  mysqli::mysqli(): (HY000/2054): Server sent charset unknown to the client. Please, report to the developers in /var/www/html/view/php/selectCT.php on line 9
[19-Apr-2020 12:25:07 UTC] PHP Warning:  mysqli::query(): Couldn't fetch mysqli in /var/www/html/view/php/selectCT.php on line 11
[19-Apr-2020 12:25:07 UTC] PHP Fatal error:  Call to a member function fetch_assoc() on null in /var/www/html/view/php/selectCT.php on line 16
[19-Apr-2020 12:25:07 UTC] PHP Warning:  mysqli::mysqli(): Server sent charset (255) unknown to the client. Please, report to the developers in /var/www/html/view/php/selectCT.php on line 9
[19-Apr-2020 12:25:07 UTC] PHP Warning:  mysqli::mysqli(): (HY000/2054): Server sent charset unknown to the client. Please, report to the developers in /var/www/html/view/php/selectCT.php on line 9
[19-Apr-2020 12:25:07 UTC] PHP Warning:  mysqli::query(): Couldn't fetch mysqli in /var/www/html/view/php/selectCT.php on line 11
[19-Apr-2020 12:25:07 UTC] PHP Fatal error:  Call to a member function fetch_assoc() on null in /var/www/html/view/php/selectCT.php on line 16
[19-Apr-2020 12:25:07 UTC] PHP Warning:  mysqli::mysqli(): Server sent charset (255) unknown to the client. Please, report to the developers in /var/www/html/view/php/selectCT.php on line 9
[19-Apr-2020 12:25:07 UTC] PHP Warning:  mysqli::mysqli(): (HY000/2054): Server sent charset unknown to the client. Please, report to the developers in /var/www/html/view/php/selectCT.php on line 9
[19-Apr-2020 12:25:07 UTC] PHP Warning:  mysqli::query(): Couldn't fetch mysqli in /var/www/html/view/php/selectCT.php on line 11
[19-Apr-2020 12:25:07 UTC] PHP Fatal error:  Call to a member function fetch_assoc() on null in /var/www/html/view/php/selectCT.php on line 16
[19-Apr-2020 12:35:05 UTC] PHP Warning:  mysqli::mysqli(): Server sent charset (255) unknown to the client. Please, report to the developers in /var/www/html/view/php/selectCT.php on line 9
[19-Apr-2020 12:35:05 UTC] PHP Warning:  mysqli::mysqli(): (HY000/2054): Server sent charset unknown to the client. Please, report to the developers in /var/www/html/view/php/selectCT.php on line 9
[19-Apr-2020 12:35:05 UTC] PHP Warning:  mysqli::query(): Couldn't fetch mysqli in /var/www/html/view/php/selectCT.php on line 11
[19-Apr-2020 12:35:05 UTC] PHP Fatal error:  Call to a member function fetch_assoc() on null in /var/www/html/view/php/selectCT.php on line 16
[19-Apr-2020 12:39:35 UTC] PHP Warning:  mysqli::mysqli(): Server sent charset (255) unknown to the client. Please, report to the developers in /var/www/html/view/php/selectCT.php on line 9
[19-Apr-2020 12:39:35 UTC] PHP Warning:  mysqli::mysqli(): (HY000/2054): Server sent charset unknown to the client. Please, report to the developers in /var/www/html/view/php/selectCT.php on line 9
[19-Apr-2020 12:39:35 UTC] PHP Warning:  mysqli::query(): Couldn't fetch mysqli in /var/www/html/view/php/selectCT.php on line 11
[19-Apr-2020 12:39:35 UTC] PHP Fatal error:  Call to a member function fetch_assoc() on null in /var/www/html/view/php/selectCT.php on line 16
[19-Apr-2020 12:39:36 UTC] PHP Warning:  mysqli::mysqli(): Server sent charset (255) unknown to the client. Please, report to the developers in /var/www/html/view/php/selectCT.php on line 9
[19-Apr-2020 12:39:36 UTC] PHP Warning:  mysqli::mysqli(): (HY000/2054): Server sent charset unknown to the client. Please, report to the developers in /var/www/html/view/php/selectCT.php on line 9
[19-Apr-2020 12:39:36 UTC] PHP Warning:  mysqli::query(): Couldn't fetch mysqli in /var/www/html/view/php/selectCT.php on line 11
[19-Apr-2020 12:39:36 UTC] PHP Fatal error:  Call to a member function fetch_assoc() on null in /var/www/html/view/php/selectCT.php on line 16
[19-Apr-2020 12:39:36 UTC] PHP Warning:  mysqli::mysqli(): Server sent charset (255) unknown to the client. Please, report to the developers in /var/www/html/view/php/selectCT.php on line 9
[19-Apr-2020 12:39:36 UTC] PHP Warning:  mysqli::mysqli(): (HY000/2054): Server sent charset unknown to the client. Please, report to the developers in /var/www/html/view/php/selectCT.php on line 9
[19-Apr-2020 12:39:36 UTC] PHP Warning:  mysqli::query(): Couldn't fetch mysqli in /var/www/html/view/php/selectCT.php on line 11
[19-Apr-2020 12:39:36 UTC] PHP Fatal error:  Call to a member function fetch_assoc() on null in /var/www/html/view/php/selectCT.php on line 16
[19-Apr-2020 12:39:40 UTC] PHP Warning:  mysqli::mysqli(): Server sent charset (255) unknown to the client. Please, report to the developers in /var/www/html/view/php/selectCT.php on line 9
[19-Apr-2020 12:39:40 UTC] PHP Warning:  mysqli::mysqli(): (HY000/2054): Server sent charset unknown to the client. Please, report to the developers in /var/www/html/view/php/selectCT.php on line 9
[19-Apr-2020 12:39:40 UTC] PHP Warning:  mysqli::query(): Couldn't fetch mysqli in /var/www/html/view/php/selectCT.php on line 11
[19-Apr-2020 12:39:40 UTC] PHP Fatal error:  Call to a member function fetch_assoc() on null in /var/www/html/view/php/selectCT.php on line 16
[19-Apr-2020 14:34:33 UTC] PHP Warning:  mysqli::mysqli(): Server sent charset (255) unknown to the client. Please, report to the developers in /var/www/html/view/php/selectCT.php on line 9
[19-Apr-2020 14:34:33 UTC] PHP Warning:  mysqli::mysqli(): (HY000/2054): Server sent charset unknown to the client. Please, report to the developers in /var/www/html/view/php/selectCT.php on line 9
[19-Apr-2020 14:34:33 UTC] PHP Warning:  mysqli::query(): Couldn't fetch mysqli in /var/www/html/view/php/selectCT.php on line 11
[19-Apr-2020 14:34:33 UTC] PHP Fatal error:  Call to a member function fetch_assoc() on null in /var/www/html/view/php/selectCT.php on line 16
[19-Apr-2020 15:45:34 UTC] PHP Warning:  mysqli::mysqli(): Server sent charset (255) unknown to the client. Please, report to the developers in /var/www/html/view/php/selectCT.php on line 9
[19-Apr-2020 15:45:34 UTC] PHP Warning:  mysqli::mysqli(): (HY000/2054): Server sent charset unknown to the client. Please, report to the developers in /var/www/html/view/php/selectCT.php on line 9
[19-Apr-2020 15:45:34 UTC] PHP Warning:  mysqli::query(): Couldn't fetch mysqli in /var/www/html/view/php/selectCT.php on line 11
[19-Apr-2020 15:45:34 UTC] PHP Fatal error:  Call to a member function fetch_assoc() on null in /var/www/html/view/php/selectCT.php on line 16
[19-Apr-2020 15:56:43 UTC] PHP Warning:  mysqli::mysqli(): Server sent charset (255) unknown to the client. Please, report to the developers in /var/www/html/view/php/selectCT.php on line 9
[19-Apr-2020 15:56:43 UTC] PHP Warning:  mysqli::mysqli(): (HY000/2054): Server sent charset unknown to the client. Please, report to the developers in /var/www/html/view/php/selectCT.php on line 9
[19-Apr-2020 15:56:43 UTC] PHP Warning:  mysqli::query(): Couldn't fetch mysqli in /var/www/html/view/php/selectCT.php on line 11
[19-Apr-2020 15:56:43 UTC] PHP Fatal error:  Call to a member function fetch_assoc() on null in /var/www/html/view/php/selectCT.php on line 16
[19-Apr-2020 16:26:55 UTC] PHP Fatal error:  Uncaught Error: Class 'MySQLi' not found in /var/www/html/view/php/selectCT.php:9
Stack trace:
#0 /var/www/html/index.php(63): include()
#1 {main}
  thrown in /var/www/html/view/php/selectCT.php on line 9
[19-Apr-2020 16:27:03 UTC] PHP Fatal error:  Uncaught Error: Class 'MySQLi' not found in /var/www/html/view/php/selectCT.php:9
Stack trace:
#0 /var/www/html/index.php(63): include()
#1 {main}
  thrown in /var/www/html/view/php/selectCT.php on line 9
[19-Apr-2020 16:32:15 UTC] PHP Fatal error:  Uncaught Error: Class 'MySQLi' not found in /var/www/html/view/php/selectCT.php:9
Stack trace:
#0 /var/www/html/index.php(63): include()
#1 {main}
  thrown in /var/www/html/view/php/selectCT.php on line 9
[19-Apr-2020 16:32:34 UTC] PHP Fatal error:  Uncaught Error: Class 'MySQLi' not found in /var/www/html/view/php/selectCT.php:9
Stack trace:
#0 /var/www/html/index.php(63): include()
#1 {main}
  thrown in /var/www/html/view/php/selectCT.php on line 9
[19-Apr-2020 16:33:09 UTC] PHP Fatal error:  Uncaught Error: Class 'MySQLi' not found in /var/www/html/view/php/selectCT.php:9
Stack trace:
#0 /var/www/html/index.php(63): include()
#1 {main}
  thrown in /var/www/html/view/php/selectCT.php on line 9
[19-Apr-2020 16:35:12 UTC] PHP Fatal error:  Uncaught Error: Class 'MySQLi' not found in /var/www/html/view/php/selectCT.php:9
Stack trace:
#0 /var/www/html/index.php(63): include()
#1 {main}
  thrown in /var/www/html/view/php/selectCT.php on line 9
[19-Apr-2020 16:37:12 UTC] PHP Fatal error:  Uncaught Error: Class 'MySQLi' not found in /var/www/html/view/php/selectCT.php:9
Stack trace:
#0 /var/www/html/index.php(63): include()
#1 {main}
  thrown in /var/www/html/view/php/selectCT.php on line 9
[19-Apr-2020 16:37:13 UTC] PHP Fatal error:  Uncaught Error: Class 'MySQLi' not found in /var/www/html/view/php/selectCT.php:9
Stack trace:
#0 /var/www/html/index.php(63): include()
#1 {main}
  thrown in /var/www/html/view/php/selectCT.php on line 9
[19-Apr-2020 16:37:13 UTC] PHP Fatal error:  Uncaught Error: Class 'MySQLi' not found in /var/www/html/view/php/selectCT.php:9
Stack trace:
#0 /var/www/html/index.php(63): include()
#1 {main}
  thrown in /var/www/html/view/php/selectCT.php on line 9
[19-Apr-2020 16:38:12 UTC] PHP Warning:  mysqli::mysqli(): Server sent charset (255) unknown to the client. Please, report to the developers in /var/www/html/view/php/selectCT.php on line 9
[19-Apr-2020 16:38:12 UTC] PHP Warning:  mysqli::mysqli(): (HY000/2054): Server sent charset unknown to the client. Please, report to the developers in /var/www/html/view/php/selectCT.php on line 9
[19-Apr-2020 16:38:12 UTC] PHP Warning:  mysqli::query(): Couldn't fetch mysqli in /var/www/html/view/php/selectCT.php on line 11
[19-Apr-2020 16:38:12 UTC] PHP Fatal error:  Call to a member function fetch_assoc() on null in /var/www/html/view/php/selectCT.php on line 16
[19-Apr-2020 16:38:16 UTC] PHP Warning:  mysqli::mysqli(): Server sent charset (255) unknown to the client. Please, report to the developers in /var/www/html/view/php/selectCT.php on line 9
[19-Apr-2020 16:38:16 UTC] PHP Warning:  mysqli::mysqli(): (HY000/2054): Server sent charset unknown to the client. Please, report to the developers in /var/www/html/view/php/selectCT.php on line 9
[19-Apr-2020 16:38:16 UTC] PHP Warning:  mysqli::query(): Couldn't fetch mysqli in /var/www/html/view/php/selectCT.php on line 11
[19-Apr-2020 16:38:16 UTC] PHP Fatal error:  Call to a member function fetch_assoc() on null in /var/www/html/view/php/selectCT.php on line 16
[19-Apr-2020 16:38:26 UTC] PHP Warning:  mysqli::mysqli(): Server sent charset (255) unknown to the client. Please, report to the developers in /var/www/html/view/php/selectCT.php on line 9
[19-Apr-2020 16:38:26 UTC] PHP Warning:  mysqli::mysqli(): (HY000/2054): Server sent charset unknown to the client. Please, report to the developers in /var/www/html/view/php/selectCT.php on line 9
[19-Apr-2020 16:38:26 UTC] PHP Warning:  mysqli::query(): Couldn't fetch mysqli in /var/www/html/view/php/selectCT.php on line 11
[19-Apr-2020 16:38:26 UTC] PHP Fatal error:  Call to a member function fetch_assoc() on null in /var/www/html/view/php/selectCT.php on line 16
[19-Apr-2020 16:40:46 UTC] PHP Warning:  mysqli::mysqli(): Server sent charset (255) unknown to the client. Please, report to the developers in /var/www/html/view/php/selectCT.php on line 9
[19-Apr-2020 16:40:46 UTC] PHP Warning:  mysqli::mysqli(): (HY000/2054): Server sent charset unknown to the client. Please, report to the developers in /var/www/html/view/php/selectCT.php on line 9
[19-Apr-2020 16:40:46 UTC] PHP Warning:  mysqli::query(): Couldn't fetch mysqli in /var/www/html/view/php/selectCT.php on line 11
[19-Apr-2020 16:40:46 UTC] PHP Fatal error:  Call to a member function fetch_assoc() on null in /var/www/html/view/php/selectCT.php on line 16
[19-Apr-2020 16:42:10 UTC] PHP Warning:  mysqli::mysqli(): The server requested authentication method unknown to the client [caching_sha2_password] in /var/www/html/view/php/selectCT.php on line 9
[19-Apr-2020 16:42:10 UTC] PHP Warning:  mysqli::mysqli(): (HY000/2054): The server requested authentication method unknown to the client in /var/www/html/view/php/selectCT.php on line 9
[19-Apr-2020 16:42:10 UTC] PHP Warning:  mysqli::query(): Couldn't fetch mysqli in /var/www/html/view/php/selectCT.php on line 11
[19-Apr-2020 16:42:10 UTC] PHP Fatal error:  Call to a member function fetch_assoc() on null in /var/www/html/view/php/selectCT.php on line 16
[19-Apr-2020 16:42:24 UTC] PHP Warning:  mysqli::mysqli(): The server requested authentication method unknown to the client [caching_sha2_password] in /var/www/html/view/php/selectCT.php on line 9
[19-Apr-2020 16:42:24 UTC] PHP Warning:  mysqli::mysqli(): (HY000/2054): The server requested authentication method unknown to the client in /var/www/html/view/php/selectCT.php on line 9
[19-Apr-2020 16:42:24 UTC] PHP Warning:  mysqli::query(): Couldn't fetch mysqli in /var/www/html/view/php/selectCT.php on line 11
[19-Apr-2020 16:42:24 UTC] PHP Fatal error:  Call to a member function fetch_assoc() on null in /var/www/html/view/php/selectCT.php on line 16
[19-Apr-2020 16:42:25 UTC] PHP Warning:  mysqli::mysqli(): The server requested authentication method unknown to the client [caching_sha2_password] in /var/www/html/view/php/selectCT.php on line 9
[19-Apr-2020 16:42:25 UTC] PHP Warning:  mysqli::mysqli(): (HY000/2054): The server requested authentication method unknown to the client in /var/www/html/view/php/selectCT.php on line 9
[19-Apr-2020 16:42:25 UTC] PHP Warning:  mysqli::query(): Couldn't fetch mysqli in /var/www/html/view/php/selectCT.php on line 11
[19-Apr-2020 16:42:25 UTC] PHP Fatal error:  Call to a member function fetch_assoc() on null in /var/www/html/view/php/selectCT.php on line 16
[19-Apr-2020 16:42:25 UTC] PHP Warning:  mysqli::mysqli(): The server requested authentication method unknown to the client [caching_sha2_password] in /var/www/html/view/php/selectCT.php on line 9
[19-Apr-2020 16:42:25 UTC] PHP Warning:  mysqli::mysqli(): (HY000/2054): The server requested authentication method unknown to the client in /var/www/html/view/php/selectCT.php on line 9
[19-Apr-2020 16:42:25 UTC] PHP Warning:  mysqli::query(): Couldn't fetch mysqli in /var/www/html/view/php/selectCT.php on line 11
[19-Apr-2020 16:42:25 UTC] PHP Fatal error:  Call to a member function fetch_assoc() on null in /var/www/html/view/php/selectCT.php on line 16
[19-Apr-2020 16:42:25 UTC] PHP Warning:  mysqli::mysqli(): The server requested authentication method unknown to the client [caching_sha2_password] in /var/www/html/view/php/selectCT.php on line 9
[19-Apr-2020 16:42:25 UTC] PHP Warning:  mysqli::mysqli(): (HY000/2054): The server requested authentication method unknown to the client in /var/www/html/view/php/selectCT.php on line 9
[19-Apr-2020 16:42:25 UTC] PHP Warning:  mysqli::query(): Couldn't fetch mysqli in /var/www/html/view/php/selectCT.php on line 11
[19-Apr-2020 16:42:25 UTC] PHP Fatal error:  Call to a member function fetch_assoc() on null in /var/www/html/view/php/selectCT.php on line 16
[19-Apr-2020 16:43:52 UTC] PHP Warning:  mysqli::mysqli(): The server requested authentication method unknown to the client [caching_sha2_password] in /var/www/html/view/php/selectCT.php on line 9
[19-Apr-2020 16:43:52 UTC] PHP Warning:  mysqli::mysqli(): (HY000/2054): The server requested authentication method unknown to the client in /var/www/html/view/php/selectCT.php on line 9
[19-Apr-2020 16:43:52 UTC] PHP Warning:  mysqli::query(): Couldn't fetch mysqli in /var/www/html/view/php/selectCT.php on line 11
[19-Apr-2020 16:43:52 UTC] PHP Fatal error:  Call to a member function fetch_assoc() on null in /var/www/html/view/php/selectCT.php on line 16
[19-Apr-2020 16:43:52 UTC] PHP Warning:  mysqli::mysqli(): The server requested authentication method unknown to the client [caching_sha2_password] in /var/www/html/view/php/selectCT.php on line 9
[19-Apr-2020 16:43:52 UTC] PHP Warning:  mysqli::mysqli(): (HY000/2054): The server requested authentication method unknown to the client in /var/www/html/view/php/selectCT.php on line 9
[19-Apr-2020 16:43:52 UTC] PHP Warning:  mysqli::query(): Couldn't fetch mysqli in /var/www/html/view/php/selectCT.php on line 11
[19-Apr-2020 16:43:52 UTC] PHP Fatal error:  Call to a member function fetch_assoc() on null in /var/www/html/view/php/selectCT.php on line 16
[19-Apr-2020 16:43:52 UTC] PHP Warning:  mysqli::mysqli(): The server requested authentication method unknown to the client [caching_sha2_password] in /var/www/html/view/php/selectCT.php on line 9
[19-Apr-2020 16:43:52 UTC] PHP Warning:  mysqli::mysqli(): (HY000/2054): The server requested authentication method unknown to the client in /var/www/html/view/php/selectCT.php on line 9
[19-Apr-2020 16:43:52 UTC] PHP Warning:  mysqli::query(): Couldn't fetch mysqli in /var/www/html/view/php/selectCT.php on line 11
[19-Apr-2020 16:43:52 UTC] PHP Fatal error:  Call to a member function fetch_assoc() on null in /var/www/html/view/php/selectCT.php on line 16
[19-Apr-2020 16:45:40 UTC] PHP Warning:  mysqli::mysqli(): The server requested authentication method unknown to the client [caching_sha2_password] in /var/www/html/view/php/selectCT.php on line 9
[19-Apr-2020 16:45:40 UTC] PHP Warning:  mysqli::mysqli(): (HY000/2054): The server requested authentication method unknown to the client in /var/www/html/view/php/selectCT.php on line 9
[19-Apr-2020 16:45:40 UTC] PHP Warning:  mysqli::query(): Couldn't fetch mysqli in /var/www/html/view/php/selectCT.php on line 11
[19-Apr-2020 16:45:40 UTC] PHP Fatal error:  Call to a member function fetch_assoc() on null in /var/www/html/view/php/selectCT.php on line 16
[19-Apr-2020 16:46:29 UTC] PHP Warning:  mysqli::mysqli(): The server requested authentication method unknown to the client [caching_sha2_password] in /var/www/html/view/php/selectCT.php on line 9
[19-Apr-2020 16:46:29 UTC] PHP Warning:  mysqli::mysqli(): (HY000/2054): The server requested authentication method unknown to the client in /var/www/html/view/php/selectCT.php on line 9
[19-Apr-2020 16:46:29 UTC] PHP Warning:  mysqli::query(): Couldn't fetch mysqli in /var/www/html/view/php/selectCT.php on line 11
[19-Apr-2020 16:46:29 UTC] PHP Fatal error:  Call to a member function fetch_assoc() on null in /var/www/html/view/php/selectCT.php on line 16
[19-Apr-2020 16:52:33 UTC] PHP Warning:  mysqli::mysqli(): The server requested authentication method unknown to the client [caching_sha2_password] in /var/www/html/view/php/selectCT.php on line 9
[19-Apr-2020 16:52:33 UTC] PHP Warning:  mysqli::mysqli(): (HY000/2054): The server requested authentication method unknown to the client in /var/www/html/view/php/selectCT.php on line 9
[19-Apr-2020 16:52:33 UTC] PHP Warning:  mysqli::query(): Couldn't fetch mysqli in /var/www/html/view/php/selectCT.php on line 11
[19-Apr-2020 16:52:33 UTC] PHP Fatal error:  Call to a member function fetch_assoc() on null in /var/www/html/view/php/selectCT.php on line 16
[19-Apr-2020 16:52:34 UTC] PHP Warning:  mysqli::mysqli(): The server requested authentication method unknown to the client [caching_sha2_password] in /var/www/html/view/php/selectCT.php on line 9
[19-Apr-2020 16:52:34 UTC] PHP Warning:  mysqli::mysqli(): (HY000/2054): The server requested authentication method unknown to the client in /var/www/html/view/php/selectCT.php on line 9
[19-Apr-2020 16:52:34 UTC] PHP Warning:  mysqli::query(): Couldn't fetch mysqli in /var/www/html/view/php/selectCT.php on line 11
[19-Apr-2020 16:52:34 UTC] PHP Fatal error:  Call to a member function fetch_assoc() on null in /var/www/html/view/php/selectCT.php on line 16
[19-Apr-2020 16:52:35 UTC] PHP Warning:  mysqli::mysqli(): The server requested authentication method unknown to the client [caching_sha2_password] in /var/www/html/view/php/selectCT.php on line 9
[19-Apr-2020 16:52:35 UTC] PHP Warning:  mysqli::mysqli(): (HY000/2054): The server requested authentication method unknown to the client in /var/www/html/view/php/selectCT.php on line 9
[19-Apr-2020 16:52:35 UTC] PHP Warning:  mysqli::query(): Couldn't fetch mysqli in /var/www/html/view/php/selectCT.php on line 11
[19-Apr-2020 16:52:35 UTC] PHP Fatal error:  Call to a member function fetch_assoc() on null in /var/www/html/view/php/selectCT.php on line 16
[19-Apr-2020 16:52:35 UTC] PHP Warning:  mysqli::mysqli(): The server requested authentication method unknown to the client [caching_sha2_password] in /var/www/html/view/php/selectCT.php on line 9
[19-Apr-2020 16:52:35 UTC] PHP Warning:  mysqli::mysqli(): (HY000/2054): The server requested authentication method unknown to the client in /var/www/html/view/php/selectCT.php on line 9
[19-Apr-2020 16:52:35 UTC] PHP Warning:  mysqli::query(): Couldn't fetch mysqli in /var/www/html/view/php/selectCT.php on line 11
[19-Apr-2020 16:52:35 UTC] PHP Fatal error:  Call to a member function fetch_assoc() on null in /var/www/html/view/php/selectCT.php on line 16
